{
  "0 debug pnpm:scope": {
    "selected": 1,
    "workspacePrefix": "/home/karyana/Projects/kontui"
  },
  "1 error pnpm": {
    "errno": 1,
    "code": "ELIFECYCLE",
    "pkgid": "@kontui/visually-hidden@0.0.1",
    "stage": "build",
    "script": "concurrently pnpm:build:*",
    "pkgname": "@kontui/visually-hidden",
    "err": {
      "name": "pnpm",
      "message": "@kontui/visually-hidden@0.0.1 build: `concurrently pnpm:build:*`\nExit status 1",
      "code": "ELIFECYCLE",
      "stack": "pnpm: @kontui/visually-hidden@0.0.1 build: `concurrently pnpm:build:*`\nExit status 1\n    at EventEmitter.<anonymous> (/home/karyana/.fnm/node-versions/v16.15.1/installation/lib/node_modules/pnpm/dist/pnpm.cjs:108415:20)\n    at EventEmitter.emit (node:events:527:28)\n    at ChildProcess.<anonymous> (/home/karyana/.fnm/node-versions/v16.15.1/installation/lib/node_modules/pnpm/dist/pnpm.cjs:94981:18)\n    at ChildProcess.emit (node:events:527:28)\n    at maybeClose (node:internal/child_process:1092:16)\n    at Process.ChildProcess._handle.onexit (node:internal/child_process:302:5)"
    }
  },
  "2 warn pnpm:global": " Local package.json exists, but node_modules missing, did you mean to install?"
}